Determining if the pthread_create exist failed with the following output:
Change Dir: /home/kisung/CLionProjects/Proyecto I Datos II/Proyecto_1/cmake-build-debug/CMakeFiles/CMakeTmp

Run Build Command:"/usr/bin/make" "cmTC_7bb85/fast"
/usr/bin/make -f CMakeFiles/cmTC_7bb85.dir/build.make CMakeFiles/cmTC_7bb85.dir/build
make[1]: se entra en el directorio '/home/kisung/CLionProjects/Proyecto I Datos II/Proyecto_1/cmake-build-debug/CMakeFiles/CMakeTmp'
Building C object CMakeFiles/cmTC_7bb85.dir/CheckSymbolExists.c.o
/usr/bin/cc    -o CMakeFiles/cmTC_7bb85.dir/CheckSymbolExists.c.o   -c "/home/kisung/CLionProjects/Proyecto I Datos II/Proyecto_1/cmake-build-debug/CMakeFiles/CMakeTmp/CheckSymbolExists.c"
Linking C executable cmTC_7bb85
/home/kisung/Escritorio/CLion/CLion-2017.3.3/clion-2017.3.3/bin/cmake/bin/cmake -E cmake_link_script CMakeFiles/cmTC_7bb85.dir/link.txt --verbose=1
/usr/bin/cc      CMakeFiles/cmTC_7bb85.dir/CheckSymbolExists.c.o  -o cmTC_7bb85 
CMakeFiles/cmTC_7bb85.dir/CheckSymbolExists.c.o: En la función `main':
CheckSymbolExists.c:(.text+0x1b): referencia a `pthread_create' sin definir
collect2: error: ld returned 1 exit status
CMakeFiles/cmTC_7bb85.dir/build.make:97: fallo en las instrucciones para el objetivo 'cmTC_7bb85'
make[1]: *** [cmTC_7bb85] Error 1
make[1]: se sale del directorio '/home/kisung/CLionProjects/Proyecto I Datos II/Proyecto_1/cmake-build-debug/CMakeFiles/CMakeTmp'
Makefile:126: fallo en las instrucciones para el objetivo 'cmTC_7bb85/fast'
make: *** [cmTC_7bb85/fast] Error 2

File /home/kisung/CLionProjects/Proyecto I Datos II/Proyecto_1/cmake-build-debug/CMakeFiles/CMakeTmp/CheckSymbolExists.c:
/* */
#include <pthread.h>

int main(int argc, char** argv)
{
  (void)argv;
#ifndef pthread_create
  return ((int*)(&pthread_create))[argc];
#else
  (void)argc;
  return 0;
#endif
}

Determining if the function pthread_create exists in the pthreads failed with the following output:
Change Dir: /home/kisung/CLionProjects/Proyecto I Datos II/Proyecto_1/cmake-build-debug/CMakeFiles/CMakeTmp

Run Build Command:"/usr/bin/make" "cmTC_e4a0e/fast"
/usr/bin/make -f CMakeFiles/cmTC_e4a0e.dir/build.make CMakeFiles/cmTC_e4a0e.dir/build
make[1]: se entra en el directorio '/home/kisung/CLionProjects/Proyecto I Datos II/Proyecto_1/cmake-build-debug/CMakeFiles/CMakeTmp'
Building C object CMakeFiles/cmTC_e4a0e.dir/CheckFunctionExists.c.o
/usr/bin/cc   -DCHECK_FUNCTION_EXISTS=pthread_create   -o CMakeFiles/cmTC_e4a0e.dir/CheckFunctionExists.c.o   -c /home/kisung/Escritorio/CLion/CLion-2017.3.3/clion-2017.3.3/bin/cmake/share/cmake-3.10/Modules/CheckFunctionExists.c
Linking C executable cmTC_e4a0e
/home/kisung/Escritorio/CLion/CLion-2017.3.3/clion-2017.3.3/bin/cmake/bin/cmake -E cmake_link_script CMakeFiles/cmTC_e4a0e.dir/link.txt --verbose=1
/usr/bin/cc  -DCHECK_FUNCTION_EXISTS=pthread_create    CMakeFiles/cmTC_e4a0e.dir/CheckFunctionExists.c.o  -o cmTC_e4a0e -lpthreads 
/usr/bin/ld: no se puede encontrar -lpthreads
collect2: error: ld returned 1 exit status
CMakeFiles/cmTC_e4a0e.dir/build.make:97: fallo en las instrucciones para el objetivo 'cmTC_e4a0e'
make[1]: *** [cmTC_e4a0e] Error 1
make[1]: se sale del directorio '/home/kisung/CLionProjects/Proyecto I Datos II/Proyecto_1/cmake-build-debug/CMakeFiles/CMakeTmp'
Makefile:126: fallo en las instrucciones para el objetivo 'cmTC_e4a0e/fast'
make: *** [cmTC_e4a0e/fast] Error 2


